  [1m[36m (369.3ms)[0m  [1mCREATE TABLE "schema_migrations" ("version" varchar(255) NOT NULL) [0m
  [1m[35m (231.9ms)[0m  CREATE UNIQUE INDEX "unique_schema_migrations" ON "schema_migrations" ("version")
  [1m[36mActiveRecord::SchemaMigration Load (0.8ms)[0m  [1mSELECT "schema_migrations".* FROM "schema_migrations"[0m
Migrating to CreateUsers (20140106105426)
  [1m[35m (0.2ms)[0m  begin transaction
  [1m[36m (1.8ms)[0m  [1mCREATE TABLE "users" ("id" INTEGER PRIMARY KEY AUTOINCREMENT NOT NULL, "username" varchar(255), "password" varchar(255), "mail" varchar(255), "name" varchar(255), "comment" varchar(255), "public_email" boolean DEFAULT 'f', "created_at" datetime, "updated_at" datetime) [0m
  [1m[35mSQL (1.5ms)[0m  INSERT INTO "schema_migrations" ("version") VALUES (?)  [["version", "20140106105426"]]
  [1m[36m (245.6ms)[0m  [1mcommit transaction[0m
Migrating to CreateDevices (20140110143652)
  [1m[35m (0.2ms)[0m  begin transaction
  [1m[36m (2.1ms)[0m  [1mCREATE TABLE "devices" ("id" INTEGER PRIMARY KEY AUTOINCREMENT NOT NULL, "identifier" varchar(255), "name" varchar(255), "password" varchar(255), "comment" varchar(255), "current_track" integer DEFAULT 0, "public" boolean DEFAULT 'f', "user_id" integer, "created_at" datetime, "updated_at" datetime) [0m
  [1m[35m (0.4ms)[0m  CREATE INDEX "index_devices_on_user_id" ON "devices" ("user_id")
  [1m[36mSQL (1.1ms)[0m  [1mINSERT INTO "schema_migrations" ("version") VALUES (?)[0m  [["version", "20140110143652"]]
  [1m[35m (274.5ms)[0m  commit transaction
Migrating to CreateFeeds (20140111163612)
  [1m[36m (0.2ms)[0m  [1mbegin transaction[0m
  [1m[35m (0.7ms)[0m  CREATE TABLE "feeds" ("id" INTEGER PRIMARY KEY AUTOINCREMENT NOT NULL, "name" varchar(255), "comment" varchar(255), "private" boolean DEFAULT 't', "identifier" varchar(255), "read_key" varchar(255), "write_key" varchar(255), "created_at" datetime, "updated_at" datetime) 
  [1m[36mSQL (0.4ms)[0m  [1mINSERT INTO "schema_migrations" ("version") VALUES (?)[0m  [["version", "20140111163612"]]
  [1m[35m (273.0ms)[0m  commit transaction
Migrating to CreateAdmins (20140111174657)
  [1m[36m (0.2ms)[0m  [1mbegin transaction[0m
  [1m[35m (1.3ms)[0m  CREATE TABLE "admins" ("id" INTEGER PRIMARY KEY AUTOINCREMENT NOT NULL, "user_id" integer, "feed_id" integer, "created_at" datetime, "updated_at" datetime) 
  [1m[36m (0.5ms)[0m  [1mCREATE INDEX "index_admins_on_user_id" ON "admins" ("user_id")[0m
  [1m[35m (0.3ms)[0m  CREATE INDEX "index_admins_on_feed_id" ON "admins" ("feed_id")
  [1m[36mSQL (1.0ms)[0m  [1mINSERT INTO "schema_migrations" ("version") VALUES (?)[0m  [["version", "20140111174657"]]
  [1m[35m (288.2ms)[0m  commit transaction
Migrating to CreateWriters (20140111220236)
  [1m[36m (0.2ms)[0m  [1mbegin transaction[0m
  [1m[35m (1.7ms)[0m  CREATE TABLE "writers" ("id" INTEGER PRIMARY KEY AUTOINCREMENT NOT NULL, "user_id" integer, "feed_id" integer, "created_at" datetime, "updated_at" datetime) 
  [1m[36m (0.7ms)[0m  [1mCREATE INDEX "index_writers_on_user_id" ON "writers" ("user_id")[0m
  [1m[35m (0.4ms)[0m  CREATE INDEX "index_writers_on_feed_id" ON "writers" ("feed_id")
  [1m[36mSQL (1.1ms)[0m  [1mINSERT INTO "schema_migrations" ("version") VALUES (?)[0m  [["version", "20140111220236"]]
  [1m[35m (263.4ms)[0m  commit transaction
Migrating to CreateReaders (20140111222952)
  [1m[36m (0.2ms)[0m  [1mbegin transaction[0m
  [1m[35m (2.1ms)[0m  CREATE TABLE "readers" ("id" INTEGER PRIMARY KEY AUTOINCREMENT NOT NULL, "user_id" integer, "feed_id" integer, "created_at" datetime, "updated_at" datetime) 
  [1m[36m (0.4ms)[0m  [1mCREATE INDEX "index_readers_on_user_id" ON "readers" ("user_id")[0m
  [1m[35m (1.2ms)[0m  CREATE INDEX "index_readers_on_feed_id" ON "readers" ("feed_id")
  [1m[36mSQL (0.9ms)[0m  [1mINSERT INTO "schema_migrations" ("version") VALUES (?)[0m  [["version", "20140111222952"]]
  [1m[35m (242.2ms)[0m  commit transaction
Migrating to CreateWritingDevices (20140122165438)
  [1m[36m (0.3ms)[0m  [1mbegin transaction[0m
  [1m[35m (1.9ms)[0m  CREATE TABLE "writing_devices" ("id" INTEGER PRIMARY KEY AUTOINCREMENT NOT NULL, "device_id" integer, "feed_id" integer, "created_at" datetime, "updated_at" datetime) 
  [1m[36m (0.4ms)[0m  [1mCREATE INDEX "index_writing_devices_on_device_id" ON "writing_devices" ("device_id")[0m
  [1m[35m (1.3ms)[0m  CREATE INDEX "index_writing_devices_on_feed_id" ON "writing_devices" ("feed_id")
  [1m[36mSQL (1.0ms)[0m  [1mINSERT INTO "schema_migrations" ("version") VALUES (?)[0m  [["version", "20140122165438"]]
  [1m[35m (318.8ms)[0m  commit transaction
Migrating to CreateReadingDevices (20140122182040)
  [1m[36m (0.2ms)[0m  [1mbegin transaction[0m
  [1m[35m (1.6ms)[0m  CREATE TABLE "reading_devices" ("id" INTEGER PRIMARY KEY AUTOINCREMENT NOT NULL, "device_id" integer, "feed_id" integer, "created_at" datetime, "updated_at" datetime) 
  [1m[36m (0.3ms)[0m  [1mCREATE INDEX "index_reading_devices_on_device_id" ON "reading_devices" ("device_id")[0m
  [1m[35m (1.0ms)[0m  CREATE INDEX "index_reading_devices_on_feed_id" ON "reading_devices" ("feed_id")
  [1m[36mSQL (0.7ms)[0m  [1mINSERT INTO "schema_migrations" ("version") VALUES (?)[0m  [["version", "20140122182040"]]
  [1m[35m (311.4ms)[0m  commit transaction
Migrating to CreateSharedInfos (20140201161801)
  [1m[36m (0.3ms)[0m  [1mbegin transaction[0m
  [1m[35m (1.7ms)[0m  CREATE TABLE "shared_infos" ("id" INTEGER PRIMARY KEY AUTOINCREMENT NOT NULL, "json" varchar(255), "feed_id" integer, "device_id" integer, "created_at" datetime, "updated_at" datetime) 
  [1m[36m (0.3ms)[0m  [1mCREATE INDEX "index_shared_infos_on_feed_id" ON "shared_infos" ("feed_id")[0m
  [1m[35m (0.5ms)[0m  CREATE INDEX "index_shared_infos_on_device_id" ON "shared_infos" ("device_id")
  [1m[36mSQL (0.7ms)[0m  [1mINSERT INTO "schema_migrations" ("version") VALUES (?)[0m  [["version", "20140201161801"]]
  [1m[35m (286.8ms)[0m  commit transaction
  [1m[36mActiveRecord::SchemaMigration Load (0.6ms)[0m  [1mSELECT "schema_migrations".* FROM "schema_migrations"[0m
  [1m[36mActiveRecord::SchemaMigration Load (0.2ms)[0m  [1mSELECT "schema_migrations".* FROM "schema_migrations"[0m
  [1m[35m (0.1ms)[0m  begin transaction
  [1m[36mSQL (17.3ms)[0m  [1mINSERT INTO "admins" ("created_at", "feed_id", "updated_at", "user_id") VALUES (?, ?, ?, ?)[0m  [["created_at", Sat, 01 Feb 2014 16:22:00 UTC +00:00], ["feed_id", 1], ["updated_at", Sat, 01 Feb 2014 16:22:00 UTC +00:00], ["user_id", 1]]
  [1m[35m (287.5ms)[0m  commit transaction
  [1m[36m (0.1ms)[0m  [1mbegin transaction[0m
  [1m[35mDevice Exists (0.6ms)[0m  SELECT 1 AS one FROM "devices" WHERE "devices"."identifier" = '123' LIMIT 1
  [1m[36mDevice Exists (0.1ms)[0m  [1mSELECT 1 AS one FROM "devices" WHERE ("devices"."name" = 'testovacie zariadenie' AND "devices"."user_id" = 2) LIMIT 1[0m
  [1m[35mSQL (1.6ms)[0m  INSERT INTO "devices" ("created_at", "identifier", "name", "password", "updated_at", "user_id") VALUES (?, ?, ?, ?, ?, ?)  [["created_at", Sat, 01 Feb 2014 16:22:01 UTC +00:00], ["identifier", "123"], ["name", "testovacie zariadenie"], ["password", "HAgzOTMcf6MIf1UibWQgNJrNb4A="], ["updated_at", Sat, 01 Feb 2014 16:22:01 UTC +00:00], ["user_id", 2]]
  [1m[36m (239.1ms)[0m  [1mcommit transaction[0m
  [1m[35m (0.2ms)[0m  begin transaction
  [1m[36mDevice Exists (0.6ms)[0m  [1mSELECT 1 AS one FROM "devices" WHERE "devices"."identifier" = '1234' LIMIT 1[0m
  [1m[35mDevice Exists (0.3ms)[0m  SELECT 1 AS one FROM "devices" WHERE ("devices"."name" = 'druhe testovacie zariadenie' AND "devices"."user_id" = 1) LIMIT 1
  [1m[36mSQL (2.3ms)[0m  [1mINSERT INTO "devices" ("created_at", "identifier", "name", "password", "public", "updated_at", "user_id") VALUES (?, ?, ?, ?, ?, ?, ?)[0m  [["created_at", Sat, 01 Feb 2014 16:22:01 UTC +00:00], ["identifier", "1234"], ["name", "druhe testovacie zariadenie"], ["password", "IBRYreJ0oY/BIm8Ck73q24Ujjm8="], ["public", true], ["updated_at", Sat, 01 Feb 2014 16:22:01 UTC +00:00], ["user_id", 1]]
  [1m[35m (232.8ms)[0m  commit transaction
  [1m[36m (0.1ms)[0m  [1mbegin transaction[0m
  [1m[35mDevice Exists (0.5ms)[0m  SELECT 1 AS one FROM "devices" WHERE "devices"."identifier" = '1235' LIMIT 1
  [1m[36mDevice Exists (0.2ms)[0m  [1mSELECT 1 AS one FROM "devices" WHERE ("devices"."name" = 'testovacie' AND "devices"."user_id" = 1) LIMIT 1[0m
  [1m[35mSQL (1.6ms)[0m  INSERT INTO "devices" ("created_at", "identifier", "name", "password", "updated_at", "user_id") VALUES (?, ?, ?, ?, ?, ?)  [["created_at", Sat, 01 Feb 2014 16:22:01 UTC +00:00], ["identifier", "1235"], ["name", "testovacie"], ["password", "7t+LvIeQm+sNzlQAVAEIDW7nmjE="], ["updated_at", Sat, 01 Feb 2014 16:22:01 UTC +00:00], ["user_id", 1]]
  [1m[36m (236.2ms)[0m  [1mcommit transaction[0m
  [1m[35m (0.1ms)[0m  begin transaction
  [1m[36mFeed Exists (0.3ms)[0m  [1mSELECT 1 AS one FROM "feeds" WHERE "feeds"."identifier" = 'wO4gwNRcUtQNSiSLia26QrGtwjI=' LIMIT 1[0m
  [1m[35mFeed Load (0.2ms)[0m  SELECT "feeds".* FROM "feeds" WHERE "feeds"."read_key" IS NULL LIMIT 1
  [1m[36mFeed Load (0.1ms)[0m  [1mSELECT "feeds".* FROM "feeds" WHERE "feeds"."write_key" = 'kZzaOPdqSk_AsvmTDrJ5HwXs2TE' LIMIT 1[0m
  [1m[35mSQL (0.7ms)[0m  INSERT INTO "feeds" ("created_at", "identifier", "name", "read_key", "updated_at", "write_key") VALUES (?, ?, ?, ?, ?, ?)  [["created_at", Sat, 01 Feb 2014 16:22:02 UTC +00:00], ["identifier", "wO4gwNRcUtQNSiSLia26QrGtwjI="], ["name", "1feed"], ["read_key", "eLwbAdbJoSAsfE4gCHMYLVjXCw8"], ["updated_at", Sat, 01 Feb 2014 16:22:02 UTC +00:00], ["write_key", "kZzaOPdqSk_AsvmTDrJ5HwXs2TE"]]
  [1m[36m (257.6ms)[0m  [1mcommit transaction[0m
  [1m[35m (0.1ms)[0m  begin transaction
  [1m[36mUser Exists (0.3ms)[0m  [1mSELECT 1 AS one FROM "users" WHERE "users"."username" = 'pixel' LIMIT 1[0m
  [1m[35mUser Exists (0.1ms)[0m  SELECT 1 AS one FROM "users" WHERE "users"."mail" = 'm.r@gmail.com' LIMIT 1
  [1m[36mSQL (0.6ms)[0m  [1mINSERT INTO "users" ("created_at", "mail", "password", "updated_at", "username") VALUES (?, ?, ?, ?, ?)[0m  [["created_at", Sat, 01 Feb 2014 16:22:02 UTC +00:00], ["mail", "m.r@gmail.com"], ["password", "asdasd"], ["updated_at", Sat, 01 Feb 2014 16:22:02 UTC +00:00], ["username", "pixel"]]
  [1m[35m (232.6ms)[0m  commit transaction
  [1m[36m (0.2ms)[0m  [1mbegin transaction[0m
  [1m[35mUser Exists (1.0ms)[0m  SELECT 1 AS one FROM "users" WHERE "users"."username" = 'druhy' LIMIT 1
  [1m[36mUser Exists (0.3ms)[0m  [1mSELECT 1 AS one FROM "users" WHERE "users"."mail" = 'druhy@gmail.com' LIMIT 1[0m
  [1m[35mSQL (2.7ms)[0m  INSERT INTO "users" ("created_at", "mail", "name", "password", "updated_at", "username") VALUES (?, ?, ?, ?, ?, ?)  [["created_at", Sat, 01 Feb 2014 16:22:02 UTC +00:00], ["mail", "druhy@gmail.com"], ["name", "Sudruh Druhy"], ["password", "asdasd"], ["updated_at", Sat, 01 Feb 2014 16:22:02 UTC +00:00], ["username", "druhy"]]
  [1m[36m (240.9ms)[0m  [1mcommit transaction[0m
  [1m[35m (0.3ms)[0m  begin transaction
  [1m[36mUser Exists (0.6ms)[0m  [1mSELECT 1 AS one FROM "users" WHERE "users"."username" = 'treti' LIMIT 1[0m
  [1m[35mUser Exists (0.2ms)[0m  SELECT 1 AS one FROM "users" WHERE "users"."mail" = 'treti@gmail.com' LIMIT 1
  [1m[36mSQL (2.0ms)[0m  [1mINSERT INTO "users" ("created_at", "mail", "password", "public_email", "updated_at", "username") VALUES (?, ?, ?, ?, ?, ?)[0m  [["created_at", Sat, 01 Feb 2014 16:22:02 UTC +00:00], ["mail", "treti@gmail.com"], ["password", "asdasd"], ["public_email", true], ["updated_at", Sat, 01 Feb 2014 16:22:02 UTC +00:00], ["username", "treti"]]
  [1m[35m (223.0ms)[0m  commit transaction


Started GET "/infos" for 127.0.0.1 at 2014-02-01 17:26:24 +0100
  [1m[36mActiveRecord::SchemaMigration Load (0.2ms)[0m  [1mSELECT "schema_migrations".* FROM "schema_migrations"[0m

NoMethodError (undefined method `action' for SharedInfosController:Class):
  actionpack (4.0.1) lib/action_dispatch/routing/route_set.rb:80:in `dispatch'
  actionpack (4.0.1) lib/action_dispatch/routing/route_set.rb:48:in `call'
  actionpack (4.0.1) lib/action_dispatch/journey/router.rb:71:in `block in call'
  actionpack (4.0.1) lib/action_dispatch/journey/router.rb:59:in `each'
  actionpack (4.0.1) lib/action_dispatch/journey/router.rb:59:in `call'
  actionpack (4.0.1) lib/action_dispatch/routing/route_set.rb:680:in `call'
  rack (1.5.2) lib/rack/etag.rb:23:in `call'
  rack (1.5.2) lib/rack/conditionalget.rb:25:in `call'
  rack (1.5.2) lib/rack/head.rb:11:in `call'
  actionpack (4.0.1) lib/action_dispatch/middleware/params_parser.rb:27:in `call'
  actionpack (4.0.1) lib/action_dispatch/middleware/flash.rb:241:in `call'
  rack (1.5.2) lib/rack/session/abstract/id.rb:225:in `context'
  rack (1.5.2) lib/rack/session/abstract/id.rb:220:in `call'
  actionpack (4.0.1) lib/action_dispatch/middleware/cookies.rb:486:in `call'
  activerecord (4.0.1) lib/active_record/query_cache.rb:36:in `call'
  activerecord (4.0.1) lib/active_record/connection_adapters/abstract/connection_pool.rb:626:in `call'
  activerecord (4.0.1) lib/active_record/migration.rb:369:in `call'
  actionpack (4.0.1) lib/action_dispatch/middleware/callbacks.rb:29:in `block in call'
  activesupport (4.0.1) lib/active_support/callbacks.rb:373:in `_run__777667817378690221__call__callbacks'
  activesupport (4.0.1) lib/active_support/callbacks.rb:80:in `run_callbacks'
  actionpack (4.0.1) lib/action_dispatch/middleware/callbacks.rb:27:in `call'
  actionpack (4.0.1) lib/action_dispatch/middleware/reloader.rb:64:in `call'
  actionpack (4.0.1) lib/action_dispatch/middleware/remote_ip.rb:76:in `call'
  actionpack (4.0.1) lib/action_dispatch/middleware/debug_exceptions.rb:17:in `call'
  actionpack (4.0.1) lib/action_dispatch/middleware/show_exceptions.rb:30:in `call'
  railties (4.0.1) lib/rails/rack/logger.rb:38:in `call_app'
  railties (4.0.1) lib/rails/rack/logger.rb:20:in `block in call'
  activesupport (4.0.1) lib/active_support/tagged_logging.rb:67:in `block in tagged'
  activesupport (4.0.1) lib/active_support/tagged_logging.rb:25:in `tagged'
  activesupport (4.0.1) lib/active_support/tagged_logging.rb:67:in `tagged'
  railties (4.0.1) lib/rails/rack/logger.rb:20:in `call'
  actionpack (4.0.1) lib/action_dispatch/middleware/request_id.rb:21:in `call'
  rack (1.5.2) lib/rack/methodoverride.rb:21:in `call'
  rack (1.5.2) lib/rack/runtime.rb:17:in `call'
  activesupport (4.0.1) lib/active_support/cache/strategy/local_cache.rb:83:in `call'
  rack (1.5.2) lib/rack/lock.rb:17:in `call'
  actionpack (4.0.1) lib/action_dispatch/middleware/static.rb:64:in `call'
  rack (1.5.2) lib/rack/sendfile.rb:112:in `call'
  railties (4.0.1) lib/rails/engine.rb:511:in `call'
  railties (4.0.1) lib/rails/application.rb:97:in `call'
  rack (1.5.2) lib/rack/lock.rb:17:in `call'
  rack (1.5.2) lib/rack/content_length.rb:14:in `call'
  rack (1.5.2) lib/rack/handler/webrick.rb:60:in `service'
  /usr/lib/ruby/1.9.1/webrick/httpserver.rb:138:in `service'
  /usr/lib/ruby/1.9.1/webrick/httpserver.rb:94:in `run'
  /usr/lib/ruby/1.9.1/webrick/server.rb:191:in `block in start_thread'


  Rendered /var/lib/gems/1.9.1/gems/actionpack-4.0.1/lib/action_dispatch/middleware/templates/rescues/_source.erb (0.6ms)
  Rendered /var/lib/gems/1.9.1/gems/actionpack-4.0.1/lib/action_dispatch/middleware/templates/rescues/_trace.erb (1.0ms)
  Rendered /var/lib/gems/1.9.1/gems/actionpack-4.0.1/lib/action_dispatch/middleware/templates/rescues/_request_and_response.erb (17.6ms)
  Rendered /var/lib/gems/1.9.1/gems/actionpack-4.0.1/lib/action_dispatch/middleware/templates/rescues/diagnostics.erb within rescues/layout (48.5ms)


Started GET "/infos" for 127.0.0.1 at 2014-02-01 17:26:50 +0100

AbstractController::ActionNotFound (The action 'index_all' could not be found for SharedInfosController):
  actionpack (4.0.1) lib/abstract_controller/base.rb:131:in `process'
  actionpack (4.0.1) lib/abstract_controller/rendering.rb:44:in `process'
  actionpack (4.0.1) lib/action_controller/metal.rb:195:in `dispatch'
  actionpack (4.0.1) lib/action_controller/metal/rack_delegation.rb:13:in `dispatch'
  actionpack (4.0.1) lib/action_controller/metal.rb:231:in `block in action'
  actionpack (4.0.1) lib/action_dispatch/routing/route_set.rb:80:in `call'
  actionpack (4.0.1) lib/action_dispatch/routing/route_set.rb:80:in `dispatch'
  actionpack (4.0.1) lib/action_dispatch/routing/route_set.rb:48:in `call'
  actionpack (4.0.1) lib/action_dispatch/journey/router.rb:71:in `block in call'
  actionpack (4.0.1) lib/action_dispatch/journey/router.rb:59:in `each'
  actionpack (4.0.1) lib/action_dispatch/journey/router.rb:59:in `call'
  actionpack (4.0.1) lib/action_dispatch/routing/route_set.rb:680:in `call'
  rack (1.5.2) lib/rack/etag.rb:23:in `call'
  rack (1.5.2) lib/rack/conditionalget.rb:25:in `call'
  rack (1.5.2) lib/rack/head.rb:11:in `call'
  actionpack (4.0.1) lib/action_dispatch/middleware/params_parser.rb:27:in `call'
  actionpack (4.0.1) lib/action_dispatch/middleware/flash.rb:241:in `call'
  rack (1.5.2) lib/rack/session/abstract/id.rb:225:in `context'
  rack (1.5.2) lib/rack/session/abstract/id.rb:220:in `call'
  actionpack (4.0.1) lib/action_dispatch/middleware/cookies.rb:486:in `call'
  activerecord (4.0.1) lib/active_record/query_cache.rb:36:in `call'
  activerecord (4.0.1) lib/active_record/connection_adapters/abstract/connection_pool.rb:626:in `call'
  activerecord (4.0.1) lib/active_record/migration.rb:369:in `call'
  actionpack (4.0.1) lib/action_dispatch/middleware/callbacks.rb:29:in `block in call'
  activesupport (4.0.1) lib/active_support/callbacks.rb:373:in `_run__777667817378690221__call__callbacks'
  activesupport (4.0.1) lib/active_support/callbacks.rb:80:in `run_callbacks'
  actionpack (4.0.1) lib/action_dispatch/middleware/callbacks.rb:27:in `call'
  actionpack (4.0.1) lib/action_dispatch/middleware/reloader.rb:64:in `call'
  actionpack (4.0.1) lib/action_dispatch/middleware/remote_ip.rb:76:in `call'
  actionpack (4.0.1) lib/action_dispatch/middleware/debug_exceptions.rb:17:in `call'
  actionpack (4.0.1) lib/action_dispatch/middleware/show_exceptions.rb:30:in `call'
  railties (4.0.1) lib/rails/rack/logger.rb:38:in `call_app'
  railties (4.0.1) lib/rails/rack/logger.rb:20:in `block in call'
  activesupport (4.0.1) lib/active_support/tagged_logging.rb:67:in `block in tagged'
  activesupport (4.0.1) lib/active_support/tagged_logging.rb:25:in `tagged'
  activesupport (4.0.1) lib/active_support/tagged_logging.rb:67:in `tagged'
  railties (4.0.1) lib/rails/rack/logger.rb:20:in `call'
  actionpack (4.0.1) lib/action_dispatch/middleware/request_id.rb:21:in `call'
  rack (1.5.2) lib/rack/methodoverride.rb:21:in `call'
  rack (1.5.2) lib/rack/runtime.rb:17:in `call'
  activesupport (4.0.1) lib/active_support/cache/strategy/local_cache.rb:83:in `call'
  rack (1.5.2) lib/rack/lock.rb:17:in `call'
  actionpack (4.0.1) lib/action_dispatch/middleware/static.rb:64:in `call'
  rack (1.5.2) lib/rack/sendfile.rb:112:in `call'
  railties (4.0.1) lib/rails/engine.rb:511:in `call'
  railties (4.0.1) lib/rails/application.rb:97:in `call'
  rack (1.5.2) lib/rack/lock.rb:17:in `call'
  rack (1.5.2) lib/rack/content_length.rb:14:in `call'
  rack (1.5.2) lib/rack/handler/webrick.rb:60:in `service'
  /usr/lib/ruby/1.9.1/webrick/httpserver.rb:138:in `service'
  /usr/lib/ruby/1.9.1/webrick/httpserver.rb:94:in `run'
  /usr/lib/ruby/1.9.1/webrick/server.rb:191:in `block in start_thread'


  Rendered /var/lib/gems/1.9.1/gems/actionpack-4.0.1/lib/action_dispatch/middleware/templates/rescues/unknown_action.erb within rescues/layout (0.4ms)


Started GET "/infos" for 127.0.0.1 at 2014-02-01 17:27:02 +0100
Processing by SharedInfosController#full_index as */*
  [1m[35mSharedInfo Load (0.7ms)[0m  SELECT "shared_infos".* FROM "shared_infos"
Completed 200 OK in 31ms (Views: 0.7ms | ActiveRecord: 0.7ms)


Started GET "/infos" for 127.0.0.1 at 2014-02-01 17:27:34 +0100
Processing by SharedInfosController#full_index as */*
  [1m[36mSharedInfo Load (0.6ms)[0m  [1mSELECT "shared_infos".* FROM "shared_infos"[0m
Completed 200 OK in 3ms (Views: 1.0ms | ActiveRecord: 0.6ms)


Started POST "/feeds/wO4gwNRcUtQNSiSLia26QrGtwjI=/add" for 127.0.0.1 at 2014-02-01 17:28:10 +0100

ActionController::RoutingError (No route matches [POST] "/feeds/wO4gwNRcUtQNSiSLia26QrGtwjI=/add"):
  actionpack (4.0.1) lib/action_dispatch/middleware/debug_exceptions.rb:21:in `call'
  actionpack (4.0.1) lib/action_dispatch/middleware/show_exceptions.rb:30:in `call'
  railties (4.0.1) lib/rails/rack/logger.rb:38:in `call_app'
  railties (4.0.1) lib/rails/rack/logger.rb:20:in `block in call'
  activesupport (4.0.1) lib/active_support/tagged_logging.rb:67:in `block in tagged'
  activesupport (4.0.1) lib/active_support/tagged_logging.rb:25:in `tagged'
  activesupport (4.0.1) lib/active_support/tagged_logging.rb:67:in `tagged'
  railties (4.0.1) lib/rails/rack/logger.rb:20:in `call'
  actionpack (4.0.1) lib/action_dispatch/middleware/request_id.rb:21:in `call'
  rack (1.5.2) lib/rack/methodoverride.rb:21:in `call'
  rack (1.5.2) lib/rack/runtime.rb:17:in `call'
  activesupport (4.0.1) lib/active_support/cache/strategy/local_cache.rb:83:in `call'
  rack (1.5.2) lib/rack/lock.rb:17:in `call'
  actionpack (4.0.1) lib/action_dispatch/middleware/static.rb:64:in `call'
  rack (1.5.2) lib/rack/sendfile.rb:112:in `call'
  railties (4.0.1) lib/rails/engine.rb:511:in `call'
  railties (4.0.1) lib/rails/application.rb:97:in `call'
  rack (1.5.2) lib/rack/lock.rb:17:in `call'
  rack (1.5.2) lib/rack/content_length.rb:14:in `call'
  rack (1.5.2) lib/rack/handler/webrick.rb:60:in `service'
  /usr/lib/ruby/1.9.1/webrick/httpserver.rb:138:in `service'
  /usr/lib/ruby/1.9.1/webrick/httpserver.rb:94:in `run'
  /usr/lib/ruby/1.9.1/webrick/server.rb:191:in `block in start_thread'


  Rendered /var/lib/gems/1.9.1/gems/actionpack-4.0.1/lib/action_dispatch/middleware/templates/rescues/_trace.erb (1.0ms)
  Rendered /var/lib/gems/1.9.1/gems/actionpack-4.0.1/lib/action_dispatch/middleware/templates/routes/_route.html.erb (4.5ms)
  Rendered /var/lib/gems/1.9.1/gems/actionpack-4.0.1/lib/action_dispatch/middleware/templates/routes/_table.html.erb (58.8ms)
  Rendered /var/lib/gems/1.9.1/gems/actionpack-4.0.1/lib/action_dispatch/middleware/templates/rescues/routing_error.erb within rescues/layout (122.2ms)


Started POST "/feeds/wO4gwNRcUtQNSiSLia26QrGtwjI=/add" for 127.0.0.1 at 2014-02-01 17:29:31 +0100
Processing by SharedInfosController#add_one as */*
  Parameters: {"identifier"=>"wO4gwNRcUtQNSiSLia26QrGtwjI="}
Can't verify CSRF token authenticity
Completed 422 Unprocessable Entity in 1ms

ActionController::InvalidAuthenticityToken (ActionController::InvalidAuthenticityToken):
  actionpack (4.0.1) lib/action_controller/metal/request_forgery_protection.rb:163:in `handle_unverified_request'
  actionpack (4.0.1) lib/action_controller/metal/request_forgery_protection.rb:170:in `handle_unverified_request'
  actionpack (4.0.1) lib/action_controller/metal/request_forgery_protection.rb:177:in `verify_authenticity_token'
  activesupport (4.0.1) lib/active_support/callbacks.rb:377:in `_run__4495338632110175934__process_action__callbacks'
  activesupport (4.0.1) lib/active_support/callbacks.rb:80:in `run_callbacks'
  actionpack (4.0.1) lib/abstract_controller/callbacks.rb:17:in `process_action'
  actionpack (4.0.1) lib/action_controller/metal/rescue.rb:29:in `process_action'
  actionpack (4.0.1) lib/action_controller/metal/instrumentation.rb:31:in `block in process_action'
  activesupport (4.0.1) lib/active_support/notifications.rb:159:in `block in instrument'
  activesupport (4.0.1) lib/active_support/notifications/instrumenter.rb:20:in `instrument'
  activesupport (4.0.1) lib/active_support/notifications.rb:159:in `instrument'
  actionpack (4.0.1) lib/action_controller/metal/instrumentation.rb:30:in `process_action'
  actionpack (4.0.1) lib/action_controller/metal/params_wrapper.rb:245:in `process_action'
  activerecord (4.0.1) lib/active_record/railties/controller_runtime.rb:18:in `process_action'
  actionpack (4.0.1) lib/abstract_controller/base.rb:136:in `process'
  actionpack (4.0.1) lib/abstract_controller/rendering.rb:44:in `process'
  actionpack (4.0.1) lib/action_controller/metal.rb:195:in `dispatch'
  actionpack (4.0.1) lib/action_controller/metal/rack_delegation.rb:13:in `dispatch'
  actionpack (4.0.1) lib/action_controller/metal.rb:231:in `block in action'
  actionpack (4.0.1) lib/action_dispatch/routing/route_set.rb:80:in `call'
  actionpack (4.0.1) lib/action_dispatch/routing/route_set.rb:80:in `dispatch'
  actionpack (4.0.1) lib/action_dispatch/routing/route_set.rb:48:in `call'
  actionpack (4.0.1) lib/action_dispatch/journey/router.rb:71:in `block in call'
  actionpack (4.0.1) lib/action_dispatch/journey/router.rb:59:in `each'
  actionpack (4.0.1) lib/action_dispatch/journey/router.rb:59:in `call'
  actionpack (4.0.1) lib/action_dispatch/routing/route_set.rb:680:in `call'
  rack (1.5.2) lib/rack/etag.rb:23:in `call'
  rack (1.5.2) lib/rack/conditionalget.rb:35:in `call'
  rack (1.5.2) lib/rack/head.rb:11:in `call'
  actionpack (4.0.1) lib/action_dispatch/middleware/params_parser.rb:27:in `call'
  actionpack (4.0.1) lib/action_dispatch/middleware/flash.rb:241:in `call'
  rack (1.5.2) lib/rack/session/abstract/id.rb:225:in `context'
  rack (1.5.2) lib/rack/session/abstract/id.rb:220:in `call'
  actionpack (4.0.1) lib/action_dispatch/middleware/cookies.rb:486:in `call'
  activerecord (4.0.1) lib/active_record/query_cache.rb:36:in `call'
  activerecord (4.0.1) lib/active_record/connection_adapters/abstract/connection_pool.rb:626:in `call'
  activerecord (4.0.1) lib/active_record/migration.rb:369:in `call'
  actionpack (4.0.1) lib/action_dispatch/middleware/callbacks.rb:29:in `block in call'
  activesupport (4.0.1) lib/active_support/callbacks.rb:373:in `_run__777667817378690221__call__callbacks'
  activesupport (4.0.1) lib/active_support/callbacks.rb:80:in `run_callbacks'
  actionpack (4.0.1) lib/action_dispatch/middleware/callbacks.rb:27:in `call'
  actionpack (4.0.1) lib/action_dispatch/middleware/reloader.rb:64:in `call'
  actionpack (4.0.1) lib/action_dispatch/middleware/remote_ip.rb:76:in `call'
  actionpack (4.0.1) lib/action_dispatch/middleware/debug_exceptions.rb:17:in `call'
  actionpack (4.0.1) lib/action_dispatch/middleware/show_exceptions.rb:30:in `call'
  railties (4.0.1) lib/rails/rack/logger.rb:38:in `call_app'
  railties (4.0.1) lib/rails/rack/logger.rb:20:in `block in call'
  activesupport (4.0.1) lib/active_support/tagged_logging.rb:67:in `block in tagged'
  activesupport (4.0.1) lib/active_support/tagged_logging.rb:25:in `tagged'
  activesupport (4.0.1) lib/active_support/tagged_logging.rb:67:in `tagged'
  railties (4.0.1) lib/rails/rack/logger.rb:20:in `call'
  actionpack (4.0.1) lib/action_dispatch/middleware/request_id.rb:21:in `call'
  rack (1.5.2) lib/rack/methodoverride.rb:21:in `call'
  rack (1.5.2) lib/rack/runtime.rb:17:in `call'
  activesupport (4.0.1) lib/active_support/cache/strategy/local_cache.rb:83:in `call'
  rack (1.5.2) lib/rack/lock.rb:17:in `call'
  actionpack (4.0.1) lib/action_dispatch/middleware/static.rb:64:in `call'
  rack (1.5.2) lib/rack/sendfile.rb:112:in `call'
  railties (4.0.1) lib/rails/engine.rb:511:in `call'
  railties (4.0.1) lib/rails/application.rb:97:in `call'
  rack (1.5.2) lib/rack/lock.rb:17:in `call'
  rack (1.5.2) lib/rack/content_length.rb:14:in `call'
  rack (1.5.2) lib/rack/handler/webrick.rb:60:in `service'
  /usr/lib/ruby/1.9.1/webrick/httpserver.rb:138:in `service'
  /usr/lib/ruby/1.9.1/webrick/httpserver.rb:94:in `run'
  /usr/lib/ruby/1.9.1/webrick/server.rb:191:in `block in start_thread'


  Rendered /var/lib/gems/1.9.1/gems/actionpack-4.0.1/lib/action_dispatch/middleware/templates/rescues/_source.erb (0.8ms)
  Rendered /var/lib/gems/1.9.1/gems/actionpack-4.0.1/lib/action_dispatch/middleware/templates/rescues/_trace.erb (1.2ms)
  Rendered /var/lib/gems/1.9.1/gems/actionpack-4.0.1/lib/action_dispatch/middleware/templates/rescues/_request_and_response.erb (0.8ms)
  Rendered /var/lib/gems/1.9.1/gems/actionpack-4.0.1/lib/action_dispatch/middleware/templates/rescues/diagnostics.erb within rescues/layout (14.6ms)


Started POST "/feeds/wO4gwNRcUtQNSiSLia26QrGtwjI=/add_one" for 127.0.0.1 at 2014-02-01 17:29:33 +0100

ActionController::RoutingError (No route matches [POST] "/feeds/wO4gwNRcUtQNSiSLia26QrGtwjI=/add_one"):
  actionpack (4.0.1) lib/action_dispatch/middleware/debug_exceptions.rb:21:in `call'
  actionpack (4.0.1) lib/action_dispatch/middleware/show_exceptions.rb:30:in `call'
  railties (4.0.1) lib/rails/rack/logger.rb:38:in `call_app'
  railties (4.0.1) lib/rails/rack/logger.rb:20:in `block in call'
  activesupport (4.0.1) lib/active_support/tagged_logging.rb:67:in `block in tagged'
  activesupport (4.0.1) lib/active_support/tagged_logging.rb:25:in `tagged'
  activesupport (4.0.1) lib/active_support/tagged_logging.rb:67:in `tagged'
  railties (4.0.1) lib/rails/rack/logger.rb:20:in `call'
  actionpack (4.0.1) lib/action_dispatch/middleware/request_id.rb:21:in `call'
  rack (1.5.2) lib/rack/methodoverride.rb:21:in `call'
  rack (1.5.2) lib/rack/runtime.rb:17:in `call'
  activesupport (4.0.1) lib/active_support/cache/strategy/local_cache.rb:83:in `call'
  rack (1.5.2) lib/rack/lock.rb:17:in `call'
  actionpack (4.0.1) lib/action_dispatch/middleware/static.rb:64:in `call'
  rack (1.5.2) lib/rack/sendfile.rb:112:in `call'
  railties (4.0.1) lib/rails/engine.rb:511:in `call'
  railties (4.0.1) lib/rails/application.rb:97:in `call'
  rack (1.5.2) lib/rack/lock.rb:17:in `call'
  rack (1.5.2) lib/rack/content_length.rb:14:in `call'
  rack (1.5.2) lib/rack/handler/webrick.rb:60:in `service'
  /usr/lib/ruby/1.9.1/webrick/httpserver.rb:138:in `service'
  /usr/lib/ruby/1.9.1/webrick/httpserver.rb:94:in `run'
  /usr/lib/ruby/1.9.1/webrick/server.rb:191:in `block in start_thread'


  Rendered /var/lib/gems/1.9.1/gems/actionpack-4.0.1/lib/action_dispatch/middleware/templates/rescues/_trace.erb (1.3ms)
  Rendered /var/lib/gems/1.9.1/gems/actionpack-4.0.1/lib/action_dispatch/middleware/templates/routes/_route.html.erb (2.5ms)
  Rendered /var/lib/gems/1.9.1/gems/actionpack-4.0.1/lib/action_dispatch/middleware/templates/routes/_table.html.erb (1.0ms)
  Rendered /var/lib/gems/1.9.1/gems/actionpack-4.0.1/lib/action_dispatch/middleware/templates/rescues/routing_error.erb within rescues/layout (30.1ms)


Started POST "/feeds/wO4gwNRcUtQNSiSLia26QrGtwjI=/add" for 127.0.0.1 at 2014-02-01 17:29:38 +0100
Processing by SharedInfosController#add_one as */*
  Parameters: {"identifier"=>"wO4gwNRcUtQNSiSLia26QrGtwjI="}
Can't verify CSRF token authenticity
Completed 422 Unprocessable Entity in 1ms

ActionController::InvalidAuthenticityToken (ActionController::InvalidAuthenticityToken):
  actionpack (4.0.1) lib/action_controller/metal/request_forgery_protection.rb:163:in `handle_unverified_request'
  actionpack (4.0.1) lib/action_controller/metal/request_forgery_protection.rb:170:in `handle_unverified_request'
  actionpack (4.0.1) lib/action_controller/metal/request_forgery_protection.rb:177:in `verify_authenticity_token'
  activesupport (4.0.1) lib/active_support/callbacks.rb:377:in `_run__4495338632110175934__process_action__callbacks'
  activesupport (4.0.1) lib/active_support/callbacks.rb:80:in `run_callbacks'
  actionpack (4.0.1) lib/abstract_controller/callbacks.rb:17:in `process_action'
  actionpack (4.0.1) lib/action_controller/metal/rescue.rb:29:in `process_action'
  actionpack (4.0.1) lib/action_controller/metal/instrumentation.rb:31:in `block in process_action'
  activesupport (4.0.1) lib/active_support/notifications.rb:159:in `block in instrument'
  activesupport (4.0.1) lib/active_support/notifications/instrumenter.rb:20:in `instrument'
  activesupport (4.0.1) lib/active_support/notifications.rb:159:in `instrument'
  actionpack (4.0.1) lib/action_controller/metal/instrumentation.rb:30:in `process_action'
  actionpack (4.0.1) lib/action_controller/metal/params_wrapper.rb:245:in `process_action'
  activerecord (4.0.1) lib/active_record/railties/controller_runtime.rb:18:in `process_action'
  actionpack (4.0.1) lib/abstract_controller/base.rb:136:in `process'
  actionpack (4.0.1) lib/abstract_controller/rendering.rb:44:in `process'
  actionpack (4.0.1) lib/action_controller/metal.rb:195:in `dispatch'
  actionpack (4.0.1) lib/action_controller/metal/rack_delegation.rb:13:in `dispatch'
  actionpack (4.0.1) lib/action_controller/metal.rb:231:in `block in action'
  actionpack (4.0.1) lib/action_dispatch/routing/route_set.rb:80:in `call'
  actionpack (4.0.1) lib/action_dispatch/routing/route_set.rb:80:in `dispatch'
  actionpack (4.0.1) lib/action_dispatch/routing/route_set.rb:48:in `call'
  actionpack (4.0.1) lib/action_dispatch/journey/router.rb:71:in `block in call'
  actionpack (4.0.1) lib/action_dispatch/journey/router.rb:59:in `each'
  actionpack (4.0.1) lib/action_dispatch/journey/router.rb:59:in `call'
  actionpack (4.0.1) lib/action_dispatch/routing/route_set.rb:680:in `call'
  rack (1.5.2) lib/rack/etag.rb:23:in `call'
  rack (1.5.2) lib/rack/conditionalget.rb:35:in `call'
  rack (1.5.2) lib/rack/head.rb:11:in `call'
  actionpack (4.0.1) lib/action_dispatch/middleware/params_parser.rb:27:in `call'
  actionpack (4.0.1) lib/action_dispatch/middleware/flash.rb:241:in `call'
  rack (1.5.2) lib/rack/session/abstract/id.rb:225:in `context'
  rack (1.5.2) lib/rack/session/abstract/id.rb:220:in `call'
  actionpack (4.0.1) lib/action_dispatch/middleware/cookies.rb:486:in `call'
  activerecord (4.0.1) lib/active_record/query_cache.rb:36:in `call'
  activerecord (4.0.1) lib/active_record/connection_adapters/abstract/connection_pool.rb:626:in `call'
  activerecord (4.0.1) lib/active_record/migration.rb:369:in `call'
  actionpack (4.0.1) lib/action_dispatch/middleware/callbacks.rb:29:in `block in call'
  activesupport (4.0.1) lib/active_support/callbacks.rb:373:in `_run__777667817378690221__call__callbacks'
  activesupport (4.0.1) lib/active_support/callbacks.rb:80:in `run_callbacks'
  actionpack (4.0.1) lib/action_dispatch/middleware/callbacks.rb:27:in `call'
  actionpack (4.0.1) lib/action_dispatch/middleware/reloader.rb:64:in `call'
  actionpack (4.0.1) lib/action_dispatch/middleware/remote_ip.rb:76:in `call'
  actionpack (4.0.1) lib/action_dispatch/middleware/debug_exceptions.rb:17:in `call'
  actionpack (4.0.1) lib/action_dispatch/middleware/show_exceptions.rb:30:in `call'
  railties (4.0.1) lib/rails/rack/logger.rb:38:in `call_app'
  railties (4.0.1) lib/rails/rack/logger.rb:20:in `block in call'
  activesupport (4.0.1) lib/active_support/tagged_logging.rb:67:in `block in tagged'
  activesupport (4.0.1) lib/active_support/tagged_logging.rb:25:in `tagged'
  activesupport (4.0.1) lib/active_support/tagged_logging.rb:67:in `tagged'
  railties (4.0.1) lib/rails/rack/logger.rb:20:in `call'
  actionpack (4.0.1) lib/action_dispatch/middleware/request_id.rb:21:in `call'
  rack (1.5.2) lib/rack/methodoverride.rb:21:in `call'
  rack (1.5.2) lib/rack/runtime.rb:17:in `call'
  activesupport (4.0.1) lib/active_support/cache/strategy/local_cache.rb:83:in `call'
  rack (1.5.2) lib/rack/lock.rb:17:in `call'
  actionpack (4.0.1) lib/action_dispatch/middleware/static.rb:64:in `call'
  rack (1.5.2) lib/rack/sendfile.rb:112:in `call'
  railties (4.0.1) lib/rails/engine.rb:511:in `call'
  railties (4.0.1) lib/rails/application.rb:97:in `call'
  rack (1.5.2) lib/rack/lock.rb:17:in `call'
  rack (1.5.2) lib/rack/content_length.rb:14:in `call'
  rack (1.5.2) lib/rack/handler/webrick.rb:60:in `service'
  /usr/lib/ruby/1.9.1/webrick/httpserver.rb:138:in `service'
  /usr/lib/ruby/1.9.1/webrick/httpserver.rb:94:in `run'
  /usr/lib/ruby/1.9.1/webrick/server.rb:191:in `block in start_thread'


  Rendered /var/lib/gems/1.9.1/gems/actionpack-4.0.1/lib/action_dispatch/middleware/templates/rescues/_source.erb (0.5ms)
  Rendered /var/lib/gems/1.9.1/gems/actionpack-4.0.1/lib/action_dispatch/middleware/templates/rescues/_trace.erb (1.1ms)
  Rendered /var/lib/gems/1.9.1/gems/actionpack-4.0.1/lib/action_dispatch/middleware/templates/rescues/_request_and_response.erb (1.0ms)
  Rendered /var/lib/gems/1.9.1/gems/actionpack-4.0.1/lib/action_dispatch/middleware/templates/rescues/diagnostics.erb within rescues/layout (12.0ms)


Started POST "/feeds/wO4gwNRcUtQNSiSLia26QrGtwjI=/add" for 127.0.0.1 at 2014-02-01 17:29:56 +0100
Processing by SharedInfosController#add_one as */*
  Parameters: {"identifier"=>"wO4gwNRcUtQNSiSLia26QrGtwjI="}
  Rendered text template (0.0ms)
Completed 200 OK in 16ms (Views: 15.2ms | ActiveRecord: 0.0ms)
